MPASM  5.31                            TP.ASM   10-28-2023  1:22:31         PAGE  1


LOC  OBJECT CODE     LINE SOURCE TEXT
  VALUE

                      00001 ;***************************************************************************
                      00002 ; Programa main.asm (PIC16F628A)        Fecha de inicio de proyecto: 24-10-2023 
                      00003 ; Autor: Angel Valentin Altieri                                                                         
                                            
                      00004 ; Programa que controla el agua de un termotanque con una bomba de agua y su temperatura con una
                      00005 ; resistencia. Se utilizan LEDS para visualizar el control del microcontrolador, con un retardo de 5s
                      00006 ; entre cada LED.
                      00007 ; - Velocidad del Reloj: 4MHz           - Tipo de Reloj: Interno                                
                      00008 ; - Perro guardián: OFF                 - Protección de código: OFF                                     
                                                                            
                      00009 ;***************************************************************************
                      00010         
2007   3F10           00011          __CONFIG 3F10
                      00012          LIST           P=16F628A
                      00013          INCLUDE        <P16F628A.INC>
                      00001         LIST
                      00002 ; P16F628A.INC  Standard Header File, Version 1.10    Microchip Technology, Inc.
                      00265         LIST
                      00266 
                      00014 
                      00015 ;***************************************************************************
                      00016 ; Declaracion de variables                                                                              
                                                    
                      00017 ;***************************************************************************
                      00018         CBLOCK 0x20
                      00019                 
  00000020            00020         TEMP_ACT        ;0X20 Temperatura actual, se irá incrementando y decrementando
  00000021            00021         TEMP_MAX        ;0X21 Temperatura máxima a la que llegará el termotanque
  00000022            00022         SENSOR_TERMO    ;0X22 Sensor para verificar si el termotanque esta encendido, comienza apagado
  00000023            00023         NIVEL_AGUA      ;0X23 Nivel de agua actual, se irá incrementando y decrementando
  00000024            00024         NIVEL_AGUA_MIN  ;0X24 Nivel de agua mínimO, lo necesitamos para cuando se abra la canilla
  00000025            00025         NIVEL_AGUA_MAX  ;0X25 Nivel de agua máximo
  00000026            00026         CANILLA         ;0X26 Este registro se irá abriendo y cerrando
                      00027                 
  00000027            00028     CONT1               ;0X27 Registros para los distintos retardos
  00000028            00029         CONT2                   ;0X28
  00000029            00030         CONT3                   ;0X29
  0000002A            00031         CONT4                   ;0X30
                      00032 
                      00033         ENDC
                      00034         
                      00035         #DEFINE BANCO_0 BCF STATUS,RP0  ; Definimos macros para cambiar de bancos 
                      00036         #DEFINE BANCO_1 BSF STATUS,RP0
                      00037 
                      00038         ORG 0x00
                      00039 
0000   2???           00040         CALL INICIALIZAR_VARIABLES      ; Subrutina que da valor a las variables y configura los puertos
                             para los LEDS
                      00041 
0001   2???           00042         GOTO INICIO
                      00043 
0002                  00044 INICIO
                      00045 
MPASM  5.31                            TP.ASM   10-28-2023  1:22:31         PAGE  2


LOC  OBJECT CODE     LINE SOURCE TEXT
  VALUE

0002   01A6           00046         CLRF    CANILLA                  ; Cerramos canilla
0003   1283           00047         BANCO_0                                  ; Vamos al banco 0
0004   0186           00048         CLRF    PORTB                    ; Apagamos todos los LEDS
                      00049         
0005   1CA2           00050     BTFSS       SENSOR_TERMO,1   ; Verifica si esta enchufado con el bit 1, si está enchufado salta
Message[305]: Using default destination of 1 (file).
0006   09A2           00051     COMF        SENSOR_TERMO     ; Si esta desenchufado, se enchufa poniendolo en 1
                      00052         
0007   2???           00053         CALL    PRENDER_LED_RB0  ; Encendemos el RB0 indicando que se enchufo el termo
0008   2???           00054         CALL    DELAY_5S
                      00055 
0009   2???           00056         CALL    CARGAR_AGUA      ; Subrutina que verifica si el agua es menor a 110 litros y acciona la 
                            bomba
000A   2???           00057         CALL    DELAY_5S        
                      00058 
000B   2???           00059         CALL    PRENDER_LED_RB2 ; Prendemos el RB2 indicando que se verificará la temperatura
000C   2???           00060         CALL    CALENTAR_AGUA   ; Subrutina que verifica la temperatura del agua, si es menor a 45 se en
                            ciende la resistencia
                      00061 
000D   2???           00062         CALL    DELAY_1S                ; Esperamos 1 segundo y abrimos la canilla      
                      00063                 
000E   2???           00064         CALL    CANILLA_ABIERTA ; Subrutina que abre canilla
                      00065 
000F   2???           00066         CALL    DELAY_1S                ; Esperamos 1 segundo y generamos loop
                      00067         
0010   2???           00068         GOTO    INICIO
                      00069         
                      00070 ;***************************************************************************
                      00071 ; Subrutina que carga el agua hasta el tope (acciona la bomba)                                          
                                                                            
                      00072 ;***************************************************************************
0011                  00073 CARGAR_AGUA ; Bomba en acción
0011   0823           00074         MOVF    NIVEL_AGUA,W        ; Muevo NIVEL_AGUA a W
0012   0225           00075         SUBWF   NIVEL_AGUA_MAX,W    ; NIVEL_AGUA_MAX - NIVEL_AGUA
0013   1D03           00076         BTFSS   STATUS,Z                    ; Si Z se pone en 1, la operacion dio 0 y ya llego a 110 lit
                            ros y salta, sino sigue llenandose
0014   2???           00077         GOTO    INC_LOOP_AGUA           ; Va a INC_LOOP_AGUA para incrementar
0015   0008           00078         RETURN
                      00079 
0016                  00080 INC_LOOP_AGUA
0016   0AA3           00081         INCF    NIVEL_AGUA,F       ; Sumo 1 litro
0017   2???           00082         CALL    PRENDER_LED_RB1    ; Encendemos el RB1 indicando que se prendió la bomba
0018   2???           00083         GOTO    CARGAR_AGUA        ; Regresa a CARGAR_AGUA
                      00084 
                      00085 
                      00086 ;***************************************************************************
                      00087 ; Subrutina que calienta el agua hasta el máximo (se prende la resistencia)                             
                                                                                            
                      00088 ;***************************************************************************
0019                  00089 CALENTAR_AGUA
0019   0820           00090         MOVF    TEMP_ACT,W                      ; Movemos a W la temperatura actual
001A   0221           00091         SUBWF   TEMP_MAX,W                      ; TEMP_MAX - TEMP_ACT
001B   1D03           00092         BTFSS   STATUS,Z                        ; Si Z se pone en un 1 ya llego a 45 grados y salta, sin
MPASM  5.31                            TP.ASM   10-28-2023  1:22:31         PAGE  3


LOC  OBJECT CODE     LINE SOURCE TEXT
  VALUE

                            o se sigue calentando
001C   2???           00093         GOTO    INC_LOOP_TEMP           ; Va al loop que incrementa la temperatura actual
001D   2???           00094         CALL    PRENDER_LED_RB3         ; LED que indica que se llegó a la temperatura máxima
001E   2???           00095         CALL    DELAY_5S
001F   0008           00096         RETURN                                          ; Cuando ya este lleno retorna
                      00097 
0020                  00098 INC_LOOP_TEMP
0020   0AA0           00099         INCF    TEMP_ACT,F                      ; Suma 1 grado
0021   2???           00100         CALL    PRENDER_LED_INTERMITENTE ;subrutina del led intermitente, se prenderá y apagará cada 1s 
                            hasta que se caliente el agua al tope
0022   2???           00101         GOTO    CALENTAR_AGUA           ; Regresa a CALENTAR_AGUA       
                      00102 
                      00103 ;***************************************************************************
                      00104 ; Subrutina que abre la canilla y deja el termotanque a 50 litros                                       
                                                                                    
                      00105 ;***************************************************************************
0023                  00106 CANILLA_ABIERTA
Message[305]: Using default destination of 1 (file).
0023   09A6           00107         COMF    CANILLA
                      00108 
0024                  00109 CANILLA_ABIERTA_LOOP
0024   0824           00110         MOVF    NIVEL_AGUA_MIN,W    ; Guardamos en W los 50 litros
0025   0223           00111         SUBWF   NIVEL_AGUA,W            ; NIVEL_AGUA - NIVEL_DE_AGUA_MIN
0026   1D03           00112         BTFSS   STATUS,Z                        ; Si Z se pone en 0 ya llego al minimo y salta, sino seg
                            uimos restando
0027   2???           00113         GOTO    DEC_AGUA_LOOP
0028   0008           00114         RETURN
                      00115 
0029                  00116 DEC_AGUA_LOOP
0029   03A3           00117         DECF    NIVEL_AGUA,F            ; Decrementamos en 1 el nivel de agua
002A   2???           00118         GOTO    CANILLA_ABIERTA_LOOP; Volvemos a CANILLA_ABIERTA
                      00119 
                      00120 ;***************************************************************************
                      00121 ; Subrutinas de LEDS                                                                                    
                      00122 ;***************************************************************************
002B                  00123 PRENDER_LED_RB0 ; LED que indica que se enchufo el termotanque
002B   1283           00124         BANCO_0
002C   1406           00125         BSF             PORTB,0                         ; Prendemos el led del bit 0 (RB0)
002D   0008           00126         RETURN  
                      00127 
002E                  00128 PRENDER_LED_RB1 ; LED que indica que se accionó la bomba
002E   1283           00129         BANCO_0
002F   1486           00130         BSF             PORTB,1                         ; Prendemos el led del bit 1 (RB1)
0030   0008           00131         RETURN
                      00132 
0031                  00133 PRENDER_LED_RB2 ; LED que indica que se verificará la temperatura
0031   1283           00134         BANCO_0
0032   1506           00135         BSF             PORTB,2                         ; Prendemos el led del bit 2 (RB2)
0033   0008           00136         RETURN
                      00137 
0034                  00138 PRENDER_LED_RB3 ; LED que indica que se llegó a la temperatura máxima
0034   1283           00139         BANCO_0
0035   1586           00140         BSF             PORTB,3                         ; Prendemos el led del bit 3 (RB3)
MPASM  5.31                            TP.ASM   10-28-2023  1:22:31         PAGE  4


LOC  OBJECT CODE     LINE SOURCE TEXT
  VALUE

0036   0008           00141         RETURN
                      00142 
0037                  00143 PRENDER_LED_INTERMITENTE ; LED que indica que se encendió la resistencia
0037   1283           00144         BANCO_0
0038   1606           00145     BSF PORTB,4                         ; Prender el LED en RB4
0039   2???           00146     CALL DELAY_1S                       ; Esperar 1 segundo
003A   1206           00147     BCF PORTB,4                         ; Apagar el LED en RB4
003B   2???           00148     CALL DELAY_1S                       ; Esperar 1 segundo nuevamente
003C   0008           00149     RETURN
                      00150 
                      00151 
                      00152 ;***************************************************************************
                      00153 ; Subrutinas de demoras                                                                                 
                      00154 ;***************************************************************************
003D                  00155 DELAY_1MS
003D   30FA           00156         MOVLW   D'250'          ; Cargar 250 en W
003E   00A7           00157         MOVWF   CONT1           ; Lo asigno a CONT1
003F                  00158 LOOP    
003F   0000           00159         NOP                                     ; No hace nada, consume 4 ciclos reloj = 1 ciclo de inst
                            ruccion
0040   0BA7           00160         DECFSZ  CONT1,F         ; Decrementa CONT1, cuando sea 0 salta
0041   2???           00161         GOTO    LOOP            ; Regresa a LOOP
0042   0008           00162         RETURN
                      00163 
0043                  00164 DELAY_250MS
0043   30FA           00165         MOVLW   D'250'          ; Cargamos 250 en W
0044   00A8           00166         MOVWF   CONT2           ; Lo aisgno a CONT1
0045                  00167 LOOP_2  
0045   2???           00168         CALL    DELAY_1MS       ; Llamamos a DELAY_1MS 
0046   0BA8           00169         DECFSZ  CONT2,F         ; Se decrementa CONT2, cuando sea 0 salta    Se ejecutará 250 * 1ms = 25
                            0ms
0047   2???           00170         GOTO    LOOP_2          ; Regresa a LOOP_2
0048   0008           00171         RETURN
                      00172 
0049                  00173 DELAY_1S
0049   3004           00174         MOVLW   D'4'            ; Cargamos 4 en W
004A   00A9           00175         MOVWF   CONT3           ; Lo asigno en CONT3
004B                  00176 LOOP_3
004B   2???           00177         CALL    DELAY_250MS     ; Llamamos a DELAY_250MS
004C   0BA9           00178         DECFSZ  CONT3,F         ; Se decrementa CONT3, cuando sea 0 salta    Se ejecutará 4 * 250ms = 1s
004D   2???           00179         GOTO    LOOP_3      ; Regresa a LOOP_3
004E   0008           00180         RETURN
                      00181 
004F                  00182 DELAY_5S                
004F   3005           00183                 MOVLW D'5'              ; Cargamos 5 en W               
0050   00AA           00184                 MOVWF CONT4             ; Lo asignamos en CONT4
0051                  00185 LOOP_4                                  
0051   2???           00186                 CALL DELAY_1S   ; Llamamos a DELAY_1S           
0052   0BAA           00187                 DECFSZ CONT4,F  ; Se decrementa CONT4, cuando sea 0 salta    Se ejecutará 5 * 1s = 1s   
0053   2???           00188                 GOTO LOOP_4             ; Regresa a LOOP_4
0054   0008           00189                 RETURN
                      00190 
                      00191 ;***************************************************************************
MPASM  5.31                            TP.ASM   10-28-2023  1:22:31         PAGE  5


LOC  OBJECT CODE     LINE SOURCE TEXT
  VALUE

                      00192 ; Subrutina de inicialización de variables                                                              
                                                            
                      00193 ;***************************************************************************
0055                  00194 INICIALIZAR_VARIABLES
                      00195 
                      00196                 ;Damos valor a las variables
0055   3014           00197                 MOVLW D'20'                        ; Cargamos en W la temperatura mínima 
0056   00A0           00198                 MOVWF TEMP_ACT         ; Lo asignamos a TEMP_ACT 
                      00199 
0057   302D           00200                 MOVLW D'45'                        ; Cargamos en W la temperatura máxima
0058   00A1           00201                 MOVWF TEMP_MAX             ; Lo asignamos a TEMP_MAX
                      00202                 
0059   3000           00203                 MOVLW D'0'             ; Cargamos en W el nivel de agua actual
005A   00A3           00204                 MOVWF NIVEL_AGUA           ; Lo asignamos a NIVEL_AGUA
                      00205                 
005B   3032           00206                 MOVLW D'50'            ; Cargamos en W el nivel de agua mínimo
005C   00A4           00207                 MOVWF NIVEL_AGUA_MIN   ; Lo asignamos en NIVEL_AGUA_MIN
                      00208 
005D   306E           00209                 MOVLW D'110'           ; Cargamos en W el nivel de agua máximo
005E   00A5           00210                 MOVWF NIVEL_AGUA_MAX   ; Lo asignamos en NIVEL_AGUA_MAX
                      00211 
005F   01A2           00212                 CLRF  SENSOR_TERMO     ; Termotanque desenchufado por defecto
                      00213 
0060   01A6           00214                 CLRF    CANILLA            ; Canilla empieza cerrada
                      00215                 
                      00216                 ;Configuramos los puertos que vamos a usar como salida
0061   1683           00217                 BANCO_1                            ; Voy al banco 1 para utilizar TRISB
0062   30E0           00218                 MOVLW B'11100000'          ; Cargamos en W ese numero en binario
Message[302]: Register in operand not in bank 0.  Ensure that bank bits are correct.
0063   0086           00219                 MOVWF TRISB                ; Lo asignamos en TRISB
                      00220 
0064   1283           00221                 BANCO_0                            ; Regresamos al banco 0
0065   0186           00222                 CLRF PORTB                         ; Por defecto estan todos LEDS apagados
                      00223         
0066   0008           00224                 RETURN
                      00225 
3F10                  00226                 END
MPASM  5.31                            TP.ASM   10-28-2023  1:22:31         PAGE  6


SYMBOL TABLE
  LABEL                             VALUE 

ADEN                              00000003
BANCO_0                           BCF STATUS,RP0
BANCO_1                           BSF STATUS,RP0
BRGH                              00000002
C                                 00000000
C1INV                             00000004
C1OUT                             00000006
C2INV                             00000005
C2OUT                             00000007
CALENTAR_AGUA                     00000019
CANILLA                           00000026
CANILLA_ABIERTA                   00000023
CANILLA_ABIERTA_LOOP              00000024
CARGAR_AGUA                       00000011
CCP1CON                           00000017
CCP1IE                            00000002
CCP1IF                            00000002
CCP1M0                            00000000
CCP1M1                            00000001
CCP1M2                            00000002
CCP1M3                            00000003
CCP1X                             00000005
CCP1Y                             00000004
CCPR1H                            00000016
CCPR1L                            00000015
CIS                               00000003
CM0                               00000000
CM1                               00000001
CM2                               00000002
CMCON                             0000001F
CMIE                              00000006
CMIF                              00000006
CONT1                             00000027
CONT2                             00000028
CONT3                             00000029
CONT4                             0000002A
CREN                              00000004
CSRC                              00000007
DC                                00000001
DEC_AGUA_LOOP                     00000029
DELAY_1MS                         0000003D
DELAY_1S                          00000049
DELAY_250MS                       00000043
DELAY_5S                          0000004F
EEADR                             0000009B
EECON1                            0000009C
EECON2                            0000009D
EEDATA                            0000009A
EEIE                              00000007
EEIF                              00000007
F                                 00000001
FERR                              00000002
FSR                               00000004
MPASM  5.31                            TP.ASM   10-28-2023  1:22:31         PAGE  7


SYMBOL TABLE
  LABEL                             VALUE 

GIE                               00000007
INC_LOOP_AGUA                     00000016
INC_LOOP_TEMP                     00000020
INDF                              00000000
INICIALIZAR_VARIABLES             00000055
INICIO                            00000002
INTCON                            0000000B
INTE                              00000004
INTEDG                            00000006
INTF                              00000001
IRP                               00000007
LOOP                              0000003F
LOOP_2                            00000045
LOOP_3                            0000004B
LOOP_4                            00000051
NIVEL_AGUA                        00000023
NIVEL_AGUA_MAX                    00000025
NIVEL_AGUA_MIN                    00000024
NOT_BO                            00000000
NOT_BOD                           00000000
NOT_BOR                           00000000
NOT_PD                            00000003
NOT_POR                           00000001
NOT_RBPU                          00000007
NOT_T1SYNC                        00000002
NOT_TO                            00000004
OERR                              00000001
OPTION_REG                        00000081
OSCF                              00000003
PCL                               00000002
PCLATH                            0000000A
PCON                              0000008E
PEIE                              00000006
PIE1                              0000008C
PIR1                              0000000C
PORTA                             00000005
PORTB                             00000006
PR2                               00000092
PRENDER_LED_INTERMITENTE          00000037
PRENDER_LED_RB0                   0000002B
PRENDER_LED_RB1                   0000002E
PRENDER_LED_RB2                   00000031
PRENDER_LED_RB3                   00000034
PS0                               00000000
PS1                               00000001
PS2                               00000002
PSA                               00000003
RBIE                              00000003
RBIF                              00000000
RCIE                              00000005
RCIF                              00000005
RCREG                             0000001A
RCSTA                             00000018
MPASM  5.31                            TP.ASM   10-28-2023  1:22:31         PAGE  8


SYMBOL TABLE
  LABEL                             VALUE 

RD                                00000000
RP0                               00000005
RP1                               00000006
RX9                               00000006
RX9D                              00000000
SENSOR_TERMO                      00000022
SPBRG                             00000099
SPEN                              00000007
SREN                              00000005
STATUS                            00000003
SYNC                              00000004
T0CS                              00000005
T0IE                              00000005
T0IF                              00000002
T0SE                              00000004
T1CKPS0                           00000004
T1CKPS1                           00000005
T1CON                             00000010
T1OSCEN                           00000003
T2CKPS0                           00000000
T2CKPS1                           00000001
T2CON                             00000012
TEMP_ACT                          00000020
TEMP_MAX                          00000021
TMR0                              00000001
TMR1CS                            00000001
TMR1H                             0000000F
TMR1IE                            00000000
TMR1IF                            00000000
TMR1L                             0000000E
TMR1ON                            00000000
TMR2                              00000011
TMR2IE                            00000001
TMR2IF                            00000001
TMR2ON                            00000002
TOUTPS0                           00000003
TOUTPS1                           00000004
TOUTPS2                           00000005
TOUTPS3                           00000006
TRISA                             00000085
TRISB                             00000086
TRMT                              00000001
TX9                               00000006
TX9D                              00000000
TXEN                              00000005
TXIE                              00000004
TXIF                              00000004
TXREG                             00000019
TXSTA                             00000098
VR0                               00000000
VR1                               00000001
VR2                               00000002
VR3                               00000003
MPASM  5.31                            TP.ASM   10-28-2023  1:22:31         PAGE  9


SYMBOL TABLE
  LABEL                             VALUE 

VRCON                             0000009F
VREN                              00000007
VROE                              00000006
VRR                               00000005
W                                 00000000
WR                                00000001
WREN                              00000002
WRERR                             00000003
Z                                 00000002
_BODEN_OFF                        00003FBF
_BODEN_ON                         00003FFF
_BOREN_OFF                        00003FBF
_BOREN_ON                         00003FFF
_CP_OFF                           00003FFF
_CP_ON                            00001FFF
_DATA_CP_OFF                      00003FFF
_DATA_CP_ON                       00003EFF
_ER_OSC_CLKOUT                    00003FFF
_ER_OSC_NOCLKOUT                  00003FFE
_EXTCLK_OSC                       00003FEF
_HS_OSC                           00003FEE
_INTOSC_OSC_CLKOUT                00003FFD
_INTOSC_OSC_NOCLKOUT              00003FFC
_INTRC_OSC_CLKOUT                 00003FFD
_INTRC_OSC_NOCLKOUT               00003FFC
_LP_OSC                           00003FEC
_LVP_OFF                          00003F7F
_LVP_ON                           00003FFF
_MCLRE_OFF                        00003FDF
_MCLRE_ON                         00003FFF
_PWRTE_OFF                        00003FFF
_PWRTE_ON                         00003FF7
_RC_OSC_CLKOUT                    00003FFF
_RC_OSC_NOCLKOUT                  00003FFE
_WDT_OFF                          00003FFB
_WDT_ON                           00003FFF
_XT_OSC                           00003FED
__16F628A                         00000001
__DEBUG                           1

Errors   :     0
Warnings :     0 reported,     0 suppressed
Messages :     3 reported,     0 suppressed

